<?xml version="1.0" encoding="UTF-8"?>
<!-- Generated by org.testng.reporters.JUnitXMLReporter -->
<testsuite ignored="0" hostname="DESKTOP-9P7INMV" failures="0" tests="4" name="Test" time="0.11" errors="0" timestamp="2024-07-31T10:15:12 IST">
  <testcase classname="pac1.ContacTest" name="createcontacttest" time="0.011"/>
  <testcase classname="pac1.ContacTest" name="modifycontactTest" time="0.005"/>
  <testcase classname="pac2.OrgTest" name="Createorgtest" time="0.002"/>
  <testcase classname="pac2.OrgTest" name="modifyorgtest" time="0.003"/>
</testsuite> <!-- Test -->
