<?xml version="1.0" encoding="UTF-8"?>
<testng-results ignored="0" total="4" passed="4" failed="0" skipped="0">
  <reporter-output>
  </reporter-output>
  <suite started-at="2024-07-31T10:15:12 IST" name="Suite" finished-at="2024-07-31T10:15:12 IST" duration-ms="110">
    <groups>
    </groups>
    <test started-at="2024-07-31T10:15:12 IST" name="Test" finished-at="2024-07-31T10:15:12 IST" duration-ms="110">
      <class name="pac1.ContacTest">
        <test-method signature="createcontacttest()[pri:0, instance:pac1.ContacTest@7161d8d1]" started-at="2024-07-31T10:15:12 IST" name="createcontacttest" finished-at="2024-07-31T10:15:12 IST" duration-ms="11" status="PASS">
          <reporter-output>
          </reporter-output>
        </test-method> <!-- createcontacttest -->
        <test-method signature="modifycontactTest()[pri:0, instance:pac1.ContacTest@7161d8d1]" started-at="2024-07-31T10:15:12 IST" name="modifycontactTest" finished-at="2024-07-31T10:15:12 IST" duration-ms="5" status="PASS">
          <reporter-output>
          </reporter-output>
        </test-method> <!-- modifycontactTest -->
      </class> <!-- pac1.ContacTest -->
      <class name="pac2.OrgTest">
        <test-method signature="Createorgtest()[pri:0, instance:pac2.OrgTest@4c60d6e9]" started-at="2024-07-31T10:15:12 IST" name="Createorgtest" finished-at="2024-07-31T10:15:12 IST" duration-ms="2" status="PASS">
          <reporter-output>
          </reporter-output>
        </test-method> <!-- Createorgtest -->
        <test-method signature="modifyorgtest()[pri:0, instance:pac2.OrgTest@4c60d6e9]" started-at="2024-07-31T10:15:12 IST" name="modifyorgtest" finished-at="2024-07-31T10:15:12 IST" duration-ms="3" status="PASS">
          <reporter-output>
          </reporter-output>
        </test-method> <!-- modifyorgtest -->
      </class> <!-- pac2.OrgTest -->
    </test> <!-- Test -->
  </suite> <!-- Suite -->
</testng-results>
